mode: set
github.com/go-spatial/geom/planar/line_intersect.go:10.63,19.16 6 1
github.com/go-spatial/geom/planar/line_intersect.go:23.2,25.53 3 1
github.com/go-spatial/geom/planar/line_intersect.go:19.16,21.3 1 1
github.com/go-spatial/geom/planar/line_intersect.go:30.66,32.9 2 1
github.com/go-spatial/geom/planar/line_intersect.go:36.2,39.13 3 1
github.com/go-spatial/geom/planar/line_intersect.go:42.2,42.13 1 1
github.com/go-spatial/geom/planar/line_intersect.go:46.2,48.13 3 1
github.com/go-spatial/geom/planar/line_intersect.go:51.2,51.13 1 1
github.com/go-spatial/geom/planar/line_intersect.go:56.2,60.30 1 1
github.com/go-spatial/geom/planar/line_intersect.go:32.9,34.3 1 1
github.com/go-spatial/geom/planar/line_intersect.go:39.13,41.3 1 1
github.com/go-spatial/geom/planar/line_intersect.go:42.13,44.3 1 1
github.com/go-spatial/geom/planar/line_intersect.go:48.13,50.3 1 1
github.com/go-spatial/geom/planar/line_intersect.go:51.13,53.3 1 1
github.com/go-spatial/geom/planar/planar.go:13.74,22.16 7 0
github.com/go-spatial/geom/planar/planar.go:25.2,25.20 1 0
github.com/go-spatial/geom/planar/planar.go:22.16,24.3 1 0
github.com/go-spatial/geom/planar/planar.go:29.61,32.24 3 1
github.com/go-spatial/geom/planar/planar.go:37.2,39.19 3 1
github.com/go-spatial/geom/planar/planar.go:32.24,36.3 1 1
github.com/go-spatial/geom/planar/simplify.go:10.110,12.21 2 0
github.com/go-spatial/geom/planar/simplify.go:19.2,19.17 1 0
github.com/go-spatial/geom/planar/simplify.go:12.21,14.17 2 0
github.com/go-spatial/geom/planar/simplify.go:17.3,17.14 1 0
github.com/go-spatial/geom/planar/simplify.go:14.17,16.4 1 0
github.com/go-spatial/geom/planar/simplify.go:25.83,27.22 1 0
github.com/go-spatial/geom/planar/simplify.go:31.2,31.31 1 0
github.com/go-spatial/geom/planar/simplify.go:27.22,29.3 1 0
github.com/go-spatial/geom/planar/simplify.go:33.25,37.23 3 0
github.com/go-spatial/geom/planar/simplify.go:44.3,44.36 1 0
github.com/go-spatial/geom/planar/simplify.go:46.27,50.23 3 0
github.com/go-spatial/geom/planar/simplify.go:57.3,57.38 1 0
github.com/go-spatial/geom/planar/simplify.go:59.22,62.17 2 0
github.com/go-spatial/geom/planar/simplify.go:65.3,65.32 1 0
github.com/go-spatial/geom/planar/simplify.go:67.30,70.17 2 0
github.com/go-spatial/geom/planar/simplify.go:73.3,73.40 1 0
github.com/go-spatial/geom/planar/simplify.go:75.25,78.17 2 0
github.com/go-spatial/geom/planar/simplify.go:81.3,81.34 1 0
github.com/go-spatial/geom/planar/simplify.go:83.10,84.23 1 0
github.com/go-spatial/geom/planar/simplify.go:37.23,39.18 2 0
github.com/go-spatial/geom/planar/simplify.go:42.4,42.17 1 0
github.com/go-spatial/geom/planar/simplify.go:39.18,41.5 1 0
github.com/go-spatial/geom/planar/simplify.go:50.23,52.18 2 0
github.com/go-spatial/geom/planar/simplify.go:55.4,55.17 1 0
github.com/go-spatial/geom/planar/simplify.go:52.18,54.5 1 0
github.com/go-spatial/geom/planar/simplify.go:62.17,64.4 1 0
github.com/go-spatial/geom/planar/simplify.go:70.17,72.4 1 0
github.com/go-spatial/geom/planar/simplify.go:78.17,80.4 1 0
github.com/go-spatial/geom/planar/distance.go:10.62,12.2 1 1
github.com/go-spatial/geom/planar/distance.go:20.63,24.2 3 1
github.com/go-spatial/geom/planar/distance.go:32.84,36.13 2 1
github.com/go-spatial/geom/planar/distance.go:40.2,49.69 9 1
github.com/go-spatial/geom/planar/distance.go:36.13,38.3 1 1
github.com/go-spatial/geom/planar/interfaces.go:13.32,14.11 1 0
github.com/go-spatial/geom/planar/interfaces.go:15.15,16.19 1 0
github.com/go-spatial/geom/planar/interfaces.go:17.14,18.18 1 0
github.com/go-spatial/geom/planar/interfaces.go:19.10,20.19 1 0
