mode: set
github.com/go-spatial/geom/planar/clip/clip.go:10.79,11.26 1 0
github.com/go-spatial/geom/planar/clip/clip.go:14.2,14.16 1 0
github.com/go-spatial/geom/planar/clip/clip.go:18.2,18.25 1 0
github.com/go-spatial/geom/planar/clip/clip.go:11.26,13.3 1 0
github.com/go-spatial/geom/planar/clip/clip.go:14.16,16.3 1 0
github.com/go-spatial/geom/planar/clip/clip.go:19.20,21.32 2 0
github.com/go-spatial/geom/planar/clip/clip.go:24.3,24.18 1 0
github.com/go-spatial/geom/planar/clip/clip.go:26.25,27.39 1 0
github.com/go-spatial/geom/planar/clip/clip.go:28.25,29.34 1 0
github.com/go-spatial/geom/planar/clip/clip.go:30.30,31.39 1 0
github.com/go-spatial/geom/planar/clip/clip.go:32.10,33.49 1 0
github.com/go-spatial/geom/planar/clip/clip.go:21.32,23.4 1 0
github.com/go-spatial/geom/planar/clip/clip_linestring.go:11.84,13.26 1 1
github.com/go-spatial/geom/planar/clip/clip_linestring.go:16.2,18.23 3 1
github.com/go-spatial/geom/planar/clip/clip_linestring.go:36.2,36.12 1 1
github.com/go-spatial/geom/planar/clip/clip_linestring.go:13.26,15.3 1 0
github.com/go-spatial/geom/planar/clip/clip_linestring.go:18.23,20.10 2 1
github.com/go-spatial/geom/planar/clip/clip_linestring.go:23.3,23.27 1 1
github.com/go-spatial/geom/planar/clip/clip_linestring.go:31.3,32.20 2 1
github.com/go-spatial/geom/planar/clip/clip_linestring.go:20.10,21.12 1 1
github.com/go-spatial/geom/planar/clip/clip_linestring.go:23.27,24.31 1 1
github.com/go-spatial/geom/planar/clip/clip_linestring.go:24.31,29.5 1 1
github.com/go-spatial/geom/planar/clip/clip_linestring.go:32.20,34.4 1 1
github.com/go-spatial/geom/planar/clip/clip_linestring.go:40.111,42.2 1 0
github.com/go-spatial/geom/planar/clip/clip_linestring.go:44.94,46.11 1 1
github.com/go-spatial/geom/planar/clip/clip_linestring.go:51.2,51.26 1 1
github.com/go-spatial/geom/planar/clip/clip_linestring.go:54.2,54.18 1 1
github.com/go-spatial/geom/planar/clip/clip_linestring.go:58.2,58.18 1 1
github.com/go-spatial/geom/planar/clip/clip_linestring.go:63.2,63.55 1 1
github.com/go-spatial/geom/planar/clip/clip_linestring.go:67.2,71.13 3 1
github.com/go-spatial/geom/planar/clip/clip_linestring.go:75.2,75.11 1 1
github.com/go-spatial/geom/planar/clip/clip_linestring.go:79.2,79.31 1 1
github.com/go-spatial/geom/planar/clip/clip_linestring.go:161.2,161.18 1 1
github.com/go-spatial/geom/planar/clip/clip_linestring.go:164.2,164.17 1 1
github.com/go-spatial/geom/planar/clip/clip_linestring.go:46.11,48.3 1 0
github.com/go-spatial/geom/planar/clip/clip_linestring.go:51.26,53.3 1 1
github.com/go-spatial/geom/planar/clip/clip_linestring.go:54.18,56.3 1 1
github.com/go-spatial/geom/planar/clip/clip_linestring.go:58.18,60.3 1 1
github.com/go-spatial/geom/planar/clip/clip_linestring.go:63.55,65.3 1 0
github.com/go-spatial/geom/planar/clip/clip_linestring.go:71.13,73.3 1 1
github.com/go-spatial/geom/planar/clip/clip_linestring.go:75.11,77.3 1 0
github.com/go-spatial/geom/planar/clip/clip_linestring.go:79.31,80.12 1 1
github.com/go-spatial/geom/planar/clip/clip_linestring.go:84.3,89.10 3 1
github.com/go-spatial/geom/planar/clip/clip_linestring.go:156.3,156.20 1 1
github.com/go-spatial/geom/planar/clip/clip_linestring.go:80.12,82.4 1 0
github.com/go-spatial/geom/planar/clip/clip_linestring.go:93.29,94.13 1 1
github.com/go-spatial/geom/planar/clip/clip_linestring.go:97.4,97.72 1 1
github.com/go-spatial/geom/planar/clip/clip_linestring.go:111.27,113.13 2 1
github.com/go-spatial/geom/planar/clip/clip_linestring.go:118.28,119.72 1 1
github.com/go-spatial/geom/planar/clip/clip_linestring.go:132.4,133.13 2 1
github.com/go-spatial/geom/planar/clip/clip_linestring.go:138.28,139.72 1 1
github.com/go-spatial/geom/planar/clip/clip_linestring.go:149.4,151.13 3 1
github.com/go-spatial/geom/planar/clip/clip_linestring.go:94.13,96.5 1 0
github.com/go-spatial/geom/planar/clip/clip_linestring.go:97.72,101.26 4 1
github.com/go-spatial/geom/planar/clip/clip_linestring.go:104.5,105.14 2 1
github.com/go-spatial/geom/planar/clip/clip_linestring.go:101.26,103.6 1 1
github.com/go-spatial/geom/planar/clip/clip_linestring.go:105.14,107.6 1 0
github.com/go-spatial/geom/planar/clip/clip_linestring.go:113.13,115.5 1 0
github.com/go-spatial/geom/planar/clip/clip_linestring.go:119.72,120.23 1 1
github.com/go-spatial/geom/planar/clip/clip_linestring.go:120.23,122.6 1 1
github.com/go-spatial/geom/planar/clip/clip_linestring.go:122.6,126.27 4 1
github.com/go-spatial/geom/planar/clip/clip_linestring.go:129.6,129.34 1 1
github.com/go-spatial/geom/planar/clip/clip_linestring.go:126.27,128.7 1 1
github.com/go-spatial/geom/planar/clip/clip_linestring.go:133.13,135.5 1 0
github.com/go-spatial/geom/planar/clip/clip_linestring.go:139.72,143.25 2 1
github.com/go-spatial/geom/planar/clip/clip_linestring.go:143.25,144.47 1 1
github.com/go-spatial/geom/planar/clip/clip_linestring.go:144.47,146.7 1 1
github.com/go-spatial/geom/planar/clip/clip_linestring.go:151.13,153.5 1 0
github.com/go-spatial/geom/planar/clip/clip_linestring.go:161.18,163.3 1 1
github.com/go-spatial/geom/planar/clip/clip_linestring.go:167.117,169.26 2 0
github.com/go-spatial/geom/planar/clip/clip_linestring.go:173.2,173.19 1 0
github.com/go-spatial/geom/planar/clip/clip_linestring.go:177.2,177.21 1 0
github.com/go-spatial/geom/planar/clip/clip_linestring.go:184.2,184.18 1 0
github.com/go-spatial/geom/planar/clip/clip_linestring.go:169.26,171.3 1 0
github.com/go-spatial/geom/planar/clip/clip_linestring.go:173.19,175.3 1 0
github.com/go-spatial/geom/planar/clip/clip_linestring.go:177.21,179.17 2 0
github.com/go-spatial/geom/planar/clip/clip_linestring.go:182.3,182.31 1 0
github.com/go-spatial/geom/planar/clip/clip_linestring.go:179.17,181.4 1 0
github.com/go-spatial/geom/planar/clip/point.go:6.80,8.26 2 0
github.com/go-spatial/geom/planar/clip/point.go:11.2,11.20 1 0
github.com/go-spatial/geom/planar/clip/point.go:14.2,15.22 2 0
github.com/go-spatial/geom/planar/clip/point.go:20.2,20.13 1 0
github.com/go-spatial/geom/planar/clip/point.go:8.26,10.3 1 0
github.com/go-spatial/geom/planar/clip/point.go:11.20,13.3 1 0
github.com/go-spatial/geom/planar/clip/point.go:15.22,16.37 1 0
github.com/go-spatial/geom/planar/clip/point.go:16.37,18.4 1 0
